<?xml version="1.0" encoding="UTF-8"?>
<!-- Generated by org.testng.reporters.JUnitReportReporter -->
<testsuite hostname="MSI" failures="0" tests="1" name="testCases.TC001_AccountRegistrationTest" time="4.409" errors="0" timestamp="2025-04-09T18:16:18 IST" skipped="0">
  <testcase classname="testCases.TC001_AccountRegistrationTest" name="verify_account_regisration" time="4.409"/>
</testsuite> <!-- testCases.TC001_AccountRegistrationTest -->
