<?xml version="1.0" encoding="UTF-8"?>
<!-- Generated by org.testng.reporters.JUnitReportReporter -->
<testsuite hostname="MSI" failures="0" tests="1" name="testCases.TC_001_AccountRegistrationTest" time="6.840" errors="0" timestamp="2025-04-15T20:05:11 IST" skipped="0">
  <testcase classname="testCases.TC_001_AccountRegistrationTest" name="test_account_Registration" time="6.840"/>
</testsuite> <!-- testCases.TC_001_AccountRegistrationTest -->
